car
For n_clusters = 2
	The average silhouette_score is: 0.053
	Score: -6.96e+03
	Training time: 0.0544s
For n_clusters = 3
	The average silhouette_score is: 0.119
	Score: -6.19e+03
	Training time: 0.0842s
For n_clusters = 4
	The average silhouette_score is: 0.0979
	Score: -6e+03
	Training time: 0.102s
For n_clusters = 5
	The average silhouette_score is: 0.0835
	Score: -5.81e+03
	Training time: 0.128s
For n_clusters = 6
	The average silhouette_score is: 0.0929
	Score: -5.62e+03
	Training time: 0.126s

cancer
For n_clusters = 2
	The average silhouette_score is: 0.577
	Score: -1.71e+04
	Training time: 0.038s
For n_clusters = 3
	The average silhouette_score is: 0.492
	Score: -1.41e+04
	Training time: 0.066s
For n_clusters = 4
	The average silhouette_score is: 0.485
	Score: -1.29e+04
	Training time: 0.079s
For n_clusters = 5
	The average silhouette_score is: 0.468
	Score: -1.19e+04
	Training time: 0.089s
For n_clusters = 6
	The average silhouette_score is: 0.473
	Score: -1.1e+04
	Training time: 0.100s
done
